<?xml version="1.0" encoding="UTF-8"?>
<!-- Generated by org.testng.reporters.JUnitReportReporter -->
<testsuite hostname="DESKTOP-G1HCSSP" failures="0" tests="3" name="tests.LoginTest" time="60.292" errors="0" timestamp="2026-02-02T13:42:25 IST" skipped="0">
  <testcase classname="tests.LoginTest" name="verifyLoginWithMultipleData" time="14.476"/>
  <testcase classname="tests.LoginTest" name="verifyLoginWithMultipleData" time="22.128"/>
  <testcase classname="tests.LoginTest" name="verifyLoginWithMultipleData" time="23.688"/>
</testsuite> <!-- tests.LoginTest -->
