<?xml version="1.0" encoding="UTF-8"?>
<!-- Generated by org.testng.reporters.JUnitXMLReporter -->
<testsuite ignored="0" hostname="DESKTOP-G1HCSSP" failures="0" tests="5" name="Login Tests" time="78.955" errors="0" timestamp="2026-02-02T13:42:25 IST">
  <testcase classname="tests.LoginTest" name="verifyLoginWithMultipleData" time="16.307"/>
  <testcase classname="tests.LoginTest" name="verifyLoginWithMultipleData" time="12.08"/>
  <testcase classname="tests.LoginTest" name="verifyLoginWithMultipleData" time="7.716"/>
  <testcase classname="tests.PatientCatalogTest" name="verifyPatientSearch" time="0.002">
    <skipped/>
  </testcase> <!-- verifyPatientSearch -->
  <testcase classname="tests.CatalogTest" name="verifySearchFilterAndPagination" time="0.001">
    <skipped/>
  </testcase> <!-- verifySearchFilterAndPagination -->
</testsuite> <!-- Login Tests -->
