<?xml version="1.0" encoding="UTF-8"?>
<testng-results ignored="0" total="5" passed="3" failed="0" skipped="2">
  <reporter-output>
  </reporter-output>
  <suite started-at="2026-02-02T13:41:06 IST" name="SmartCare Automation Suite" finished-at="2026-02-02T13:42:25 IST" duration-ms="78955">
    <groups>
      <group name="regression">
        <method signature="CatalogTest.verifySearchFilterAndPagination()[pri:0, instance:tests.CatalogTest@4e08711f]" name="verifySearchFilterAndPagination" class="tests.CatalogTest"/>
        <method signature="LoginTest.verifyLoginWithMultipleData(java.lang.String,java.lang.String,java.lang.String)[pri:0, instance:tests.LoginTest@3b69e7d1]" name="verifyLoginWithMultipleData" class="tests.LoginTest"/>
        <method signature="PatientCatalogTest.verifyPatientSearch()[pri:0, instance:tests.PatientCatalogTest@4b2bac3f]" name="verifyPatientSearch" class="tests.PatientCatalogTest"/>
      </group> <!-- regression -->
    </groups>
    <test started-at="2026-02-02T13:41:06 IST" name="Login Tests" finished-at="2026-02-02T13:42:25 IST" duration-ms="78955">
      <class name="tests.LoginTest">
        <test-method is-config="true" signature="setUp()[pri:0, instance:tests.LoginTest@3b69e7d1]" started-at="2026-02-02T13:41:07 IST" name="setUp" finished-at="2026-02-02T13:41:17 IST" duration-ms="9841" status="PASS">
          <reporter-output>
          </reporter-output>
        </test-method> <!-- setUp -->
        <test-method signature="verifyLoginWithMultipleData(java.lang.String,java.lang.String,java.lang.String)[pri:0, instance:tests.LoginTest@3b69e7d1]" started-at="2026-02-02T13:41:17 IST" name="verifyLoginWithMultipleData" data-provider="loginData" finished-at="2026-02-02T13:41:33 IST" duration-ms="16307" status="PASS">
          <params>
            <param index="0">
              <value>
                <![CDATA[Admin]]>
              </value>
            </param>
            <param index="1">
              <value>
                <![CDATA[admin123]]>
              </value>
            </param>
            <param index="2">
              <value>
                <![CDATA[success]]>
              </value>
            </param>
          </params>
          <reporter-output>
          </reporter-output>
        </test-method> <!-- verifyLoginWithMultipleData -->
        <test-method is-config="true" signature="tearDown()[pri:0, instance:tests.LoginTest@3b69e7d1]" started-at="2026-02-02T13:41:33 IST" name="tearDown" finished-at="2026-02-02T13:41:33 IST" duration-ms="203" status="PASS">
          <reporter-output>
          </reporter-output>
        </test-method> <!-- tearDown -->
        <test-method is-config="true" signature="setUp()[pri:0, instance:tests.LoginTest@3b69e7d1]" started-at="2026-02-02T13:41:33 IST" name="setUp" finished-at="2026-02-02T13:41:40 IST" duration-ms="6611" status="PASS">
          <reporter-output>
          </reporter-output>
        </test-method> <!-- setUp -->
        <test-method signature="verifyLoginWithMultipleData(java.lang.String,java.lang.String,java.lang.String)[pri:0, instance:tests.LoginTest@3b69e7d1]" started-at="2026-02-02T13:41:40 IST" name="verifyLoginWithMultipleData" data-provider="loginData" finished-at="2026-02-02T13:41:52 IST" duration-ms="12080" status="PASS">
          <params>
            <param index="0">
              <value>
                <![CDATA[Admin]]>
              </value>
            </param>
            <param index="1">
              <value>
                <![CDATA[wrong123]]>
              </value>
            </param>
            <param index="2">
              <value>
                <![CDATA[failure]]>
              </value>
            </param>
          </params>
          <reporter-output>
          </reporter-output>
        </test-method> <!-- verifyLoginWithMultipleData -->
        <test-method is-config="true" signature="tearDown()[pri:0, instance:tests.LoginTest@3b69e7d1]" started-at="2026-02-02T13:41:52 IST" name="tearDown" finished-at="2026-02-02T13:41:52 IST" duration-ms="207" status="PASS">
          <reporter-output>
          </reporter-output>
        </test-method> <!-- tearDown -->
        <test-method is-config="true" signature="setUp()[pri:0, instance:tests.LoginTest@3b69e7d1]" started-at="2026-02-02T13:41:52 IST" name="setUp" finished-at="2026-02-02T13:41:59 IST" duration-ms="7178" status="PASS">
          <reporter-output>
          </reporter-output>
        </test-method> <!-- setUp -->
        <test-method signature="verifyLoginWithMultipleData(java.lang.String,java.lang.String,java.lang.String)[pri:0, instance:tests.LoginTest@3b69e7d1]" started-at="2026-02-02T13:41:59 IST" name="verifyLoginWithMultipleData" data-provider="loginData" finished-at="2026-02-02T13:42:07 IST" duration-ms="7716" status="PASS">
          <params>
            <param index="0">
              <value>
                <![CDATA[wrong]]>
              </value>
            </param>
            <param index="1">
              <value>
                <![CDATA[admin123]]>
              </value>
            </param>
            <param index="2">
              <value>
                <![CDATA[failure]]>
              </value>
            </param>
          </params>
          <reporter-output>
          </reporter-output>
        </test-method> <!-- verifyLoginWithMultipleData -->
        <test-method is-config="true" signature="tearDown()[pri:0, instance:tests.LoginTest@3b69e7d1]" started-at="2026-02-02T13:42:07 IST" name="tearDown" finished-at="2026-02-02T13:42:07 IST" duration-ms="149" status="PASS">
          <reporter-output>
          </reporter-output>
        </test-method> <!-- tearDown -->
      </class> <!-- tests.LoginTest -->
      <class name="tests.PatientCatalogTest">
        <test-method is-config="true" signature="setUp()[pri:0, instance:tests.PatientCatalogTest@4b2bac3f]" started-at="2026-02-02T13:42:07 IST" name="setUp" finished-at="2026-02-02T13:42:16 IST" duration-ms="8920" status="PASS">
          <reporter-output>
          </reporter-output>
        </test-method> <!-- setUp -->
        <test-method signature="verifyPatientSearch()[pri:0, instance:tests.PatientCatalogTest@4b2bac3f]" started-at="2026-02-02T13:42:16 IST" name="verifyPatientSearch" finished-at="2026-02-02T13:42:16 IST" duration-ms="2" status="SKIP">
          <exception class="org.testng.SkipException">
            <message>
              <![CDATA[Patient Catalog module not available in current environment]]>
            </message>
            <full-stacktrace>
              <![CDATA[org.testng.SkipException: Patient Catalog module not available in current environment
at tests.PatientCatalogTest.verifyPatientSearch(PatientCatalogTest.java:14)
at java.base/jdk.internal.reflect.DirectMethodHandleAccessor.invoke(DirectMethodHandleAccessor.java:103)
at java.base/java.lang.reflect.Method.invoke(Method.java:580)
at org.testng.internal.invokers.MethodInvocationHelper.invokeMethod(MethodInvocationHelper.java:141)
at org.testng.internal.invokers.TestInvoker.invokeMethod(TestInvoker.java:687)
at org.testng.internal.invokers.TestInvoker.invokeTestMethod(TestInvoker.java:230)
at org.testng.internal.invokers.MethodRunner.runInSequence(MethodRunner.java:63)
at org.testng.internal.invokers.TestInvoker$MethodInvocationAgent.invoke(TestInvoker.java:995)
at org.testng.internal.invokers.TestInvoker.invokeTestMethods(TestInvoker.java:203)
at org.testng.internal.invokers.TestMethodWorker.invokeTestMethods(TestMethodWorker.java:154)
at org.testng.internal.invokers.TestMethodWorker.run(TestMethodWorker.java:134)
at java.base/java.util.ArrayList.forEach(ArrayList.java:1596)
at org.testng.TestRunner.privateRun(TestRunner.java:741)
at org.testng.TestRunner.run(TestRunner.java:616)
at org.testng.SuiteRunner.runTest(SuiteRunner.java:421)
at org.testng.SuiteRunner.runSequentially(SuiteRunner.java:413)
at org.testng.SuiteRunner.privateRun(SuiteRunner.java:373)
at org.testng.SuiteRunner.run(SuiteRunner.java:312)
at org.testng.SuiteRunnerWorker.runSuite(SuiteRunnerWorker.java:52)
at org.testng.SuiteRunnerWorker.run(SuiteRunnerWorker.java:95)
at org.testng.TestNG.runSuitesSequentially(TestNG.java:1274)
at org.testng.TestNG.runSuitesLocally(TestNG.java:1208)
at org.testng.TestNG.runSuites(TestNG.java:1112)
at org.testng.TestNG.run(TestNG.java:1079)
at org.testng.remote.AbstractRemoteTestNG.run(AbstractRemoteTestNG.java:115)
at org.testng.remote.RemoteTestNG.initAndRun(RemoteTestNG.java:293)
at org.testng.remote.RemoteTestNG.main(RemoteTestNG.java:91)
]]>
            </full-stacktrace>
          </exception> <!-- org.testng.SkipException -->
          <reporter-output>
          </reporter-output>
        </test-method> <!-- verifyPatientSearch -->
        <test-method is-config="true" signature="tearDown()[pri:0, instance:tests.PatientCatalogTest@4b2bac3f]" started-at="2026-02-02T13:42:16 IST" name="tearDown" finished-at="2026-02-02T13:42:16 IST" duration-ms="159" status="PASS">
          <reporter-output>
          </reporter-output>
        </test-method> <!-- tearDown -->
      </class> <!-- tests.PatientCatalogTest -->
      <class name="tests.CatalogTest">
        <test-method is-config="true" signature="setUp()[pri:0, instance:tests.CatalogTest@4e08711f]" started-at="2026-02-02T13:42:16 IST" name="setUp" finished-at="2026-02-02T13:42:25 IST" duration-ms="8537" status="PASS">
          <reporter-output>
          </reporter-output>
        </test-method> <!-- setUp -->
        <test-method signature="verifySearchFilterAndPagination()[pri:0, instance:tests.CatalogTest@4e08711f]" started-at="2026-02-02T13:42:25 IST" name="verifySearchFilterAndPagination" finished-at="2026-02-02T13:42:25 IST" duration-ms="1" status="SKIP">
          <exception class="org.testng.SkipException">
            <message>
              <![CDATA[Catalog module not available in current environment]]>
            </message>
            <full-stacktrace>
              <![CDATA[org.testng.SkipException: Catalog module not available in current environment
at tests.CatalogTest.verifySearchFilterAndPagination(CatalogTest.java:20)
at java.base/jdk.internal.reflect.DirectMethodHandleAccessor.invoke(DirectMethodHandleAccessor.java:103)
at java.base/java.lang.reflect.Method.invoke(Method.java:580)
at org.testng.internal.invokers.MethodInvocationHelper.invokeMethod(MethodInvocationHelper.java:141)
at org.testng.internal.invokers.TestInvoker.invokeMethod(TestInvoker.java:687)
at org.testng.internal.invokers.TestInvoker.invokeTestMethod(TestInvoker.java:230)
at org.testng.internal.invokers.MethodRunner.runInSequence(MethodRunner.java:63)
at org.testng.internal.invokers.TestInvoker$MethodInvocationAgent.invoke(TestInvoker.java:995)
at org.testng.internal.invokers.TestInvoker.invokeTestMethods(TestInvoker.java:203)
at org.testng.internal.invokers.TestMethodWorker.invokeTestMethods(TestMethodWorker.java:154)
at org.testng.internal.invokers.TestMethodWorker.run(TestMethodWorker.java:134)
at java.base/java.util.ArrayList.forEach(ArrayList.java:1596)
at org.testng.TestRunner.privateRun(TestRunner.java:741)
at org.testng.TestRunner.run(TestRunner.java:616)
at org.testng.SuiteRunner.runTest(SuiteRunner.java:421)
at org.testng.SuiteRunner.runSequentially(SuiteRunner.java:413)
at org.testng.SuiteRunner.privateRun(SuiteRunner.java:373)
at org.testng.SuiteRunner.run(SuiteRunner.java:312)
at org.testng.SuiteRunnerWorker.runSuite(SuiteRunnerWorker.java:52)
at org.testng.SuiteRunnerWorker.run(SuiteRunnerWorker.java:95)
at org.testng.TestNG.runSuitesSequentially(TestNG.java:1274)
at org.testng.TestNG.runSuitesLocally(TestNG.java:1208)
at org.testng.TestNG.runSuites(TestNG.java:1112)
at org.testng.TestNG.run(TestNG.java:1079)
at org.testng.remote.AbstractRemoteTestNG.run(AbstractRemoteTestNG.java:115)
at org.testng.remote.RemoteTestNG.initAndRun(RemoteTestNG.java:293)
at org.testng.remote.RemoteTestNG.main(RemoteTestNG.java:91)
]]>
            </full-stacktrace>
          </exception> <!-- org.testng.SkipException -->
          <reporter-output>
          </reporter-output>
        </test-method> <!-- verifySearchFilterAndPagination -->
        <test-method is-config="true" signature="tearDown()[pri:0, instance:tests.CatalogTest@4e08711f]" started-at="2026-02-02T13:42:25 IST" name="tearDown" finished-at="2026-02-02T13:42:25 IST" duration-ms="145" status="PASS">
          <reporter-output>
          </reporter-output>
        </test-method> <!-- tearDown -->
      </class> <!-- tests.CatalogTest -->
    </test> <!-- Login Tests -->
  </suite> <!-- SmartCare Automation Suite -->
</testng-results>
